\BOOKMARK [1][]{section.1}{1 Introduction}{}% 1
\BOOKMARK [2][]{subsection.1.1}{1.1 Background and objectives}{section.1}% 2
\BOOKMARK [2][]{subsection.1.2}{1.2 Experimental design}{section.1}% 3
\BOOKMARK [1][]{section.2}{2 Load workflow environment}{}% 4
\BOOKMARK [2][]{subsection.2.1}{2.1 Load packages and sample data}{section.2}% 5
\BOOKMARK [2][]{subsection.2.2}{2.2 Experiment definition provided by targets file}{section.2}% 6
\BOOKMARK [1][]{section.3}{3 Read preprocessing}{}% 7
\BOOKMARK [2][]{subsection.3.1}{3.1 Read quality filtering and trimming}{section.3}% 8
\BOOKMARK [2][]{subsection.3.2}{3.2 FASTQ quality report}{section.3}% 9
\BOOKMARK [1][]{section.4}{4 Alignments}{}% 10
\BOOKMARK [2][]{subsection.4.1}{4.1 Read mapping with Bowtie2}{section.4}% 11
\BOOKMARK [2][]{subsection.4.2}{4.2 Read and alignment stats}{section.4}% 12
\BOOKMARK [2][]{subsection.4.3}{4.3 Create symbolic links for viewing BAM files in IGV}{section.4}% 13
\BOOKMARK [1][]{section.5}{5 Peak calling with MACS2}{}% 14
\BOOKMARK [2][]{subsection.5.1}{5.1 Merge BAM files of replicates prior to peak calling}{section.5}% 15
\BOOKMARK [2][]{subsection.5.2}{5.2 Peak calling without input/reference sample}{section.5}% 16
\BOOKMARK [2][]{subsection.5.3}{5.3 Peak calling with input/reference sample}{section.5}% 17
\BOOKMARK [1][]{section.6}{6 Annotate peaks with genomic context}{}% 18
\BOOKMARK [2][]{subsection.6.1}{6.1 Annotation with ChIPpeakAnno package}{section.6}% 19
\BOOKMARK [2][]{subsection.6.2}{6.2 Annotation with ChIPseeker package}{section.6}% 20
\BOOKMARK [1][]{section.7}{7 Count reads overlapping peak regions}{}% 21
\BOOKMARK [1][]{section.8}{8 Differential binding analysis of peaks}{}% 22
\BOOKMARK [1][]{section.9}{9 GO term enrichment analysis}{}% 23
\BOOKMARK [1][]{section.10}{10 Motif analysis}{}% 24
\BOOKMARK [2][]{subsection.10.1}{10.1 Parse DNA sequences of peak regions from genome}{section.10}% 25
\BOOKMARK [2][]{subsection.10.2}{10.2 Motif discovery with BCRANK}{section.10}% 26
\BOOKMARK [1][]{section.11}{11 Version Information}{}% 27
\BOOKMARK [1][]{section.12}{12 Funding}{}% 28
\BOOKMARK [1][]{section.13}{13 References}{}% 29
